<?xml version="1.0" encoding="UTF-8"?>
<!-- Generated by org.testng.reporters.JUnitXMLReporter -->
<testsuite ignored="0" hostname="LAPTOP-EEL23SC0" failures="0" tests="3" name="Default test" time="67.596" errors="0" timestamp="2024-05-12T13:48:59 IST">
  <testcase classname="testcases.LoginTest" name="login" time="11.472"/>
  <testcase classname="testcases.LoginTest" name="login" time="9.518"/>
  <testcase classname="testcases.LoginTest" name="login" time="7.82"/>
</testsuite> <!-- Default test -->
