<?xml version="1.0" encoding="UTF-8"?>
<!-- Generated by org.testng.reporters.JUnitXMLReporter -->
<testsuite ignored="0" hostname="LAPTOP-EEL23SC0" failures="0" tests="4" name="Test" time="134.731" errors="0" timestamp="2024-05-12T17:37:46 IST">
  <testcase classname="testcases.LoginTest" name="login" time="14.021"/>
  <testcase classname="testcases.LoginTest" name="login" time="12.079"/>
  <testcase classname="testcases.LoginTest" name="login" time="5.777"/>
  <testcase classname="testcases.RegTest" name="reg" time="7.892"/>
</testsuite> <!-- Test -->
