<?xml version="1.0" encoding="UTF-8"?>
<testng-results ignored="0" total="4" passed="4" failed="0" skipped="0">
  <reporter-output>
  </reporter-output>
  <suite started-at="2024-05-12T17:35:32 IST" name="Suite" finished-at="2024-05-12T17:37:46 IST" duration-ms="134731">
    <groups>
    </groups>
    <test started-at="2024-05-12T17:35:32 IST" name="Test" finished-at="2024-05-12T17:37:46 IST" duration-ms="134731">
      <class name="testcases.LoginTest">
        <test-method is-config="true" signature="intializeBrowser()[pri:0, instance:testcases.LoginTest@3a7442c7]" started-at="2024-05-12T17:35:33 IST" name="intializeBrowser" finished-at="2024-05-12T17:35:50 IST" duration-ms="16585" status="PASS">
          <reporter-output>
          </reporter-output>
        </test-method> <!-- intializeBrowser -->
        <test-method signature="login(java.lang.String,java.lang.String)[pri:0, instance:testcases.LoginTest@3a7442c7]" started-at="2024-05-12T17:35:50 IST" name="login" data-provider="Static" finished-at="2024-05-12T17:36:04 IST" duration-ms="14021" status="PASS">
          <params>
            <param index="0">
              <value>
                <![CDATA[satyaprakashbiswal2000@gmail.com]]>
              </value>
            </param>
            <param index="1">
              <value>
                <![CDATA[Satya@2000]]>
              </value>
            </param>
          </params>
          <reporter-output>
          </reporter-output>
        </test-method> <!-- login -->
        <test-method is-config="true" signature="closeBrowser()[pri:0, instance:testcases.LoginTest@3a7442c7]" started-at="2024-05-12T17:36:04 IST" name="closeBrowser" finished-at="2024-05-12T17:36:04 IST" duration-ms="795" status="PASS">
          <reporter-output>
          </reporter-output>
        </test-method> <!-- closeBrowser -->
        <test-method is-config="true" signature="intializeBrowser()[pri:0, instance:testcases.LoginTest@3a7442c7]" started-at="2024-05-12T17:36:04 IST" name="intializeBrowser" finished-at="2024-05-12T17:36:23 IST" duration-ms="18957" status="PASS">
          <reporter-output>
          </reporter-output>
        </test-method> <!-- intializeBrowser -->
        <test-method signature="login(java.lang.String,java.lang.String)[pri:0, instance:testcases.LoginTest@3a7442c7]" started-at="2024-05-12T17:36:23 IST" name="login" data-provider="Static" finished-at="2024-05-12T17:36:35 IST" duration-ms="12079" status="PASS">
          <params>
            <param index="0">
              <value>
                <![CDATA[xyzf]]>
              </value>
            </param>
            <param index="1">
              <value>
                <![CDATA[hdsb]]>
              </value>
            </param>
          </params>
          <reporter-output>
          </reporter-output>
        </test-method> <!-- login -->
        <test-method is-config="true" signature="closeBrowser()[pri:0, instance:testcases.LoginTest@3a7442c7]" started-at="2024-05-12T17:36:35 IST" name="closeBrowser" finished-at="2024-05-12T17:36:37 IST" duration-ms="1140" status="PASS">
          <reporter-output>
          </reporter-output>
        </test-method> <!-- closeBrowser -->
        <test-method is-config="true" signature="intializeBrowser()[pri:0, instance:testcases.LoginTest@3a7442c7]" started-at="2024-05-12T17:36:37 IST" name="intializeBrowser" finished-at="2024-05-12T17:36:49 IST" duration-ms="12328" status="PASS">
          <reporter-output>
          </reporter-output>
        </test-method> <!-- intializeBrowser -->
        <test-method signature="login(java.lang.String,java.lang.String)[pri:0, instance:testcases.LoginTest@3a7442c7]" started-at="2024-05-12T17:36:49 IST" name="login" data-provider="Static" finished-at="2024-05-12T17:36:55 IST" duration-ms="5777" status="PASS">
          <params>
            <param index="0">
              <value>
                <![CDATA[refwe]]>
              </value>
            </param>
            <param index="1">
              <value>
                <![CDATA[bdew34]]>
              </value>
            </param>
          </params>
          <reporter-output>
          </reporter-output>
        </test-method> <!-- login -->
        <test-method is-config="true" signature="closeBrowser()[pri:0, instance:testcases.LoginTest@3a7442c7]" started-at="2024-05-12T17:36:55 IST" name="closeBrowser" finished-at="2024-05-12T17:36:55 IST" duration-ms="568" status="PASS">
          <reporter-output>
          </reporter-output>
        </test-method> <!-- closeBrowser -->
      </class> <!-- testcases.LoginTest -->
      <class name="testcases.RegTest">
        <test-method is-config="true" signature="intializeBrowser()[pri:0, instance:testcases.RegTest@183ec003]" started-at="2024-05-12T17:36:55 IST" name="intializeBrowser" finished-at="2024-05-12T17:37:38 IST" duration-ms="42542" status="PASS">
          <reporter-output>
          </reporter-output>
        </test-method> <!-- intializeBrowser -->
        <test-method signature="reg(java.lang.String,java.lang.String,java.lang.String,java.lang.String,java.lang.String)[pri:0, instance:testcases.RegTest@183ec003]" started-at="2024-05-12T17:37:38 IST" name="reg" data-provider="register" finished-at="2024-05-12T17:37:46 IST" duration-ms="7892" status="PASS">
          <params>
            <param index="0">
              <value>
                <![CDATA[shradha]]>
              </value>
            </param>
            <param index="1">
              <value>
                <![CDATA[swain]]>
              </value>
            </param>
            <param index="2">
              <value>
                <![CDATA[shradha@123.gmail.com]]>
              </value>
            </param>
            <param index="3">
              <value>
                <![CDATA[sdh@123]]>
              </value>
            </param>
            <param index="4">
              <value>
                <![CDATA[sdh@123]]>
              </value>
            </param>
          </params>
          <reporter-output>
          </reporter-output>
        </test-method> <!-- reg -->
        <test-method is-config="true" signature="closeBrowser()[pri:0, instance:testcases.RegTest@183ec003]" started-at="2024-05-12T17:37:46 IST" name="closeBrowser" finished-at="2024-05-12T17:37:46 IST" duration-ms="527" status="PASS">
          <reporter-output>
          </reporter-output>
        </test-method> <!-- closeBrowser -->
      </class> <!-- testcases.RegTest -->
    </test> <!-- Test -->
  </suite> <!-- Suite -->
</testng-results>
